<document>
  <paragraph>
    <eId>123</eId>
    <num>1.</num>
    <text>This is the first paragraph.</text>
  </paragraph>
</document>